[0111 11:49:48,690 DEBUG] [main] org.mybatis.generator.logging.Log4jImpl.debug(Log4jImpl.java:46) - Retrieving column information for table "sys_menu"
[0111 11:49:48,725 DEBUG] [main] org.mybatis.generator.logging.Log4jImpl.debug(Log4jImpl.java:46) - Found column "id", data type -5, in table "yashebookstore..sys_menu"
[0111 11:49:48,729 DEBUG] [main] org.mybatis.generator.logging.Log4jImpl.debug(Log4jImpl.java:46) - Found column "name", data type 12, in table "yashebookstore..sys_menu"
[0111 11:49:48,730 DEBUG] [main] org.mybatis.generator.logging.Log4jImpl.debug(Log4jImpl.java:46) - Found column "f_id", data type -5, in table "yashebookstore..sys_menu"
[0111 11:49:48,730 DEBUG] [main] org.mybatis.generator.logging.Log4jImpl.debug(Log4jImpl.java:46) - Found column "url", data type 12, in table "yashebookstore..sys_menu"
[0111 11:49:48,731 DEBUG] [main] org.mybatis.generator.logging.Log4jImpl.debug(Log4jImpl.java:46) - Found column "icon", data type 12, in table "yashebookstore..sys_menu"
[0111 11:49:48,731 DEBUG] [main] org.mybatis.generator.logging.Log4jImpl.debug(Log4jImpl.java:46) - Found column "is_show", data type 12, in table "yashebookstore..sys_menu"
[0111 11:49:48,732 DEBUG] [main] org.mybatis.generator.logging.Log4jImpl.debug(Log4jImpl.java:46) - Found column "permission", data type 12, in table "yashebookstore..sys_menu"
[0111 11:49:48,732 DEBUG] [main] org.mybatis.generator.logging.Log4jImpl.debug(Log4jImpl.java:46) - Found column "order", data type 4, in table "yashebookstore..sys_menu"
[0111 11:49:48,746 DEBUG] [main] org.mybatis.generator.logging.Log4jImpl.debug(Log4jImpl.java:46) - 表名为：sys_menu
[0111 11:49:48,746 DEBUG] [main] org.mybatis.generator.logging.Log4jImpl.debug(Log4jImpl.java:46) - 表的注释为:
[0111 11:49:48,747 DEBUG] [main] org.mybatis.generator.logging.Log4jImpl.debug(Log4jImpl.java:46) - Retrieving column information for table "sys_role"
[0111 11:49:48,753 DEBUG] [main] org.mybatis.generator.logging.Log4jImpl.debug(Log4jImpl.java:46) - Found column "id", data type -5, in table "yashebookstore..sys_role"
[0111 11:49:48,755 DEBUG] [main] org.mybatis.generator.logging.Log4jImpl.debug(Log4jImpl.java:46) - Found column "name", data type 12, in table "yashebookstore..sys_role"
[0111 11:49:48,757 DEBUG] [main] org.mybatis.generator.logging.Log4jImpl.debug(Log4jImpl.java:46) - Found column "desc", data type 12, in table "yashebookstore..sys_role"
[0111 11:49:48,758 DEBUG] [main] org.mybatis.generator.logging.Log4jImpl.debug(Log4jImpl.java:46) - Found column "order", data type 12, in table "yashebookstore..sys_role"
[0111 11:49:48,766 DEBUG] [main] org.mybatis.generator.logging.Log4jImpl.debug(Log4jImpl.java:46) - 表名为：sys_role
[0111 11:49:48,767 DEBUG] [main] org.mybatis.generator.logging.Log4jImpl.debug(Log4jImpl.java:46) - 表的注释为:
[0111 11:49:48,769 DEBUG] [main] org.mybatis.generator.logging.Log4jImpl.debug(Log4jImpl.java:46) - Retrieving column information for table "sys_user"
[0111 11:49:48,789 DEBUG] [main] org.mybatis.generator.logging.Log4jImpl.debug(Log4jImpl.java:46) - Found column "id", data type -5, in table "yashebookstore..sys_user"
[0111 11:49:48,790 DEBUG] [main] org.mybatis.generator.logging.Log4jImpl.debug(Log4jImpl.java:46) - Found column "password", data type 12, in table "yashebookstore..sys_user"
[0111 11:49:48,790 DEBUG] [main] org.mybatis.generator.logging.Log4jImpl.debug(Log4jImpl.java:46) - Found column "username", data type 12, in table "yashebookstore..sys_user"
[0111 11:49:48,806 DEBUG] [main] org.mybatis.generator.logging.Log4jImpl.debug(Log4jImpl.java:46) - Found column "login_name", data type 12, in table "yashebookstore..sys_user"
[0111 11:49:48,813 DEBUG] [main] org.mybatis.generator.logging.Log4jImpl.debug(Log4jImpl.java:46) - Found column "user_mobile", data type 12, in table "yashebookstore..sys_user"
[0111 11:49:48,813 DEBUG] [main] org.mybatis.generator.logging.Log4jImpl.debug(Log4jImpl.java:46) - Found column "user_email", data type 12, in table "yashebookstore..sys_user"
[0111 11:49:48,814 DEBUG] [main] org.mybatis.generator.logging.Log4jImpl.debug(Log4jImpl.java:46) - Found column "is_online", data type 12, in table "yashebookstore..sys_user"
[0111 11:49:48,815 DEBUG] [main] org.mybatis.generator.logging.Log4jImpl.debug(Log4jImpl.java:46) - Found column "login_count", data type -5, in table "yashebookstore..sys_user"
[0111 11:49:48,818 DEBUG] [main] org.mybatis.generator.logging.Log4jImpl.debug(Log4jImpl.java:46) - 表名为：sys_user
[0111 11:49:48,819 DEBUG] [main] org.mybatis.generator.logging.Log4jImpl.debug(Log4jImpl.java:46) - 表的注释为:
[0111 11:49:48,822 DEBUG] [main] org.mybatis.generator.logging.Log4jImpl.debug(Log4jImpl.java:46) - Retrieving column information for table "sys_user_roles"
[0111 11:49:48,826 DEBUG] [main] org.mybatis.generator.logging.Log4jImpl.debug(Log4jImpl.java:46) - Found column "id", data type -5, in table "yashebookstore..sys_user_roles"
[0111 11:49:48,827 DEBUG] [main] org.mybatis.generator.logging.Log4jImpl.debug(Log4jImpl.java:46) - Found column "user_id", data type -5, in table "yashebookstore..sys_user_roles"
[0111 11:49:48,828 DEBUG] [main] org.mybatis.generator.logging.Log4jImpl.debug(Log4jImpl.java:46) - Found column "role_id", data type -5, in table "yashebookstore..sys_user_roles"
[0111 11:49:48,831 DEBUG] [main] org.mybatis.generator.logging.Log4jImpl.debug(Log4jImpl.java:46) - 表名为：sys_user_roles
[0111 11:49:48,832 DEBUG] [main] org.mybatis.generator.logging.Log4jImpl.debug(Log4jImpl.java:46) - 表的注释为:
[0111 15:07:42,381 DEBUG] [main] org.mybatis.generator.logging.Log4jImpl.debug(Log4jImpl.java:46) - Retrieving column information for table "sys_menu"
[0111 15:07:42,425 DEBUG] [main] org.mybatis.generator.logging.Log4jImpl.debug(Log4jImpl.java:46) - Found column "id", data type -5, in table "yashebookstore..sys_menu"
[0111 15:07:42,429 DEBUG] [main] org.mybatis.generator.logging.Log4jImpl.debug(Log4jImpl.java:46) - Found column "menu_name", data type 12, in table "yashebookstore..sys_menu"
[0111 15:07:42,430 DEBUG] [main] org.mybatis.generator.logging.Log4jImpl.debug(Log4jImpl.java:46) - Found column "f_id", data type -5, in table "yashebookstore..sys_menu"
[0111 15:07:42,431 DEBUG] [main] org.mybatis.generator.logging.Log4jImpl.debug(Log4jImpl.java:46) - Found column "menu_url", data type 12, in table "yashebookstore..sys_menu"
[0111 15:07:42,431 DEBUG] [main] org.mybatis.generator.logging.Log4jImpl.debug(Log4jImpl.java:46) - Found column "menu_icon", data type 12, in table "yashebookstore..sys_menu"
[0111 15:07:42,432 DEBUG] [main] org.mybatis.generator.logging.Log4jImpl.debug(Log4jImpl.java:46) - Found column "is_show", data type 12, in table "yashebookstore..sys_menu"
[0111 15:07:42,432 DEBUG] [main] org.mybatis.generator.logging.Log4jImpl.debug(Log4jImpl.java:46) - Found column "menu_permission", data type 12, in table "yashebookstore..sys_menu"
[0111 15:07:42,433 DEBUG] [main] org.mybatis.generator.logging.Log4jImpl.debug(Log4jImpl.java:46) - Found column "menu_order", data type 4, in table "yashebookstore..sys_menu"
[0111 15:07:42,451 DEBUG] [main] org.mybatis.generator.logging.Log4jImpl.debug(Log4jImpl.java:46) - 表名为：sys_menu
[0111 15:07:42,452 DEBUG] [main] org.mybatis.generator.logging.Log4jImpl.debug(Log4jImpl.java:46) - 表的注释为:
[0111 15:07:42,452 DEBUG] [main] org.mybatis.generator.logging.Log4jImpl.debug(Log4jImpl.java:46) - Retrieving column information for table "sys_role"
[0111 15:07:42,474 DEBUG] [main] org.mybatis.generator.logging.Log4jImpl.debug(Log4jImpl.java:46) - Found column "id", data type -5, in table "yashebookstore..sys_role"
[0111 15:07:42,474 DEBUG] [main] org.mybatis.generator.logging.Log4jImpl.debug(Log4jImpl.java:46) - Found column "role_name", data type 12, in table "yashebookstore..sys_role"
[0111 15:07:42,476 DEBUG] [main] org.mybatis.generator.logging.Log4jImpl.debug(Log4jImpl.java:46) - Found column "role_desc", data type 12, in table "yashebookstore..sys_role"
[0111 15:07:42,477 DEBUG] [main] org.mybatis.generator.logging.Log4jImpl.debug(Log4jImpl.java:46) - Found column "role_order", data type 12, in table "yashebookstore..sys_role"
[0111 15:07:42,490 DEBUG] [main] org.mybatis.generator.logging.Log4jImpl.debug(Log4jImpl.java:46) - 表名为：sys_role
[0111 15:07:42,490 DEBUG] [main] org.mybatis.generator.logging.Log4jImpl.debug(Log4jImpl.java:46) - 表的注释为:
[0111 15:07:42,490 DEBUG] [main] org.mybatis.generator.logging.Log4jImpl.debug(Log4jImpl.java:46) - Retrieving column information for table "sys_user"
[0111 15:07:42,499 DEBUG] [main] org.mybatis.generator.logging.Log4jImpl.debug(Log4jImpl.java:46) - Found column "id", data type -5, in table "yashebookstore..sys_user"
[0111 15:07:42,500 DEBUG] [main] org.mybatis.generator.logging.Log4jImpl.debug(Log4jImpl.java:46) - Found column "password", data type 12, in table "yashebookstore..sys_user"
[0111 15:07:42,507 DEBUG] [main] org.mybatis.generator.logging.Log4jImpl.debug(Log4jImpl.java:46) - Found column "username", data type 12, in table "yashebookstore..sys_user"
[0111 15:07:42,508 DEBUG] [main] org.mybatis.generator.logging.Log4jImpl.debug(Log4jImpl.java:46) - Found column "login_name", data type 12, in table "yashebookstore..sys_user"
[0111 15:07:42,508 DEBUG] [main] org.mybatis.generator.logging.Log4jImpl.debug(Log4jImpl.java:46) - Found column "user_mobile", data type 12, in table "yashebookstore..sys_user"
[0111 15:07:42,509 DEBUG] [main] org.mybatis.generator.logging.Log4jImpl.debug(Log4jImpl.java:46) - Found column "user_email", data type 12, in table "yashebookstore..sys_user"
[0111 15:07:42,509 DEBUG] [main] org.mybatis.generator.logging.Log4jImpl.debug(Log4jImpl.java:46) - Found column "is_online", data type 12, in table "yashebookstore..sys_user"
[0111 15:07:42,510 DEBUG] [main] org.mybatis.generator.logging.Log4jImpl.debug(Log4jImpl.java:46) - Found column "login_count", data type -5, in table "yashebookstore..sys_user"
[0111 15:07:42,515 DEBUG] [main] org.mybatis.generator.logging.Log4jImpl.debug(Log4jImpl.java:46) - 表名为：sys_user
[0111 15:07:42,515 DEBUG] [main] org.mybatis.generator.logging.Log4jImpl.debug(Log4jImpl.java:46) - 表的注释为:
[0111 15:07:42,516 DEBUG] [main] org.mybatis.generator.logging.Log4jImpl.debug(Log4jImpl.java:46) - Retrieving column information for table "sys_user_roles"
[0111 15:07:42,525 DEBUG] [main] org.mybatis.generator.logging.Log4jImpl.debug(Log4jImpl.java:46) - Found column "id", data type -5, in table "yashebookstore..sys_user_roles"
[0111 15:07:42,526 DEBUG] [main] org.mybatis.generator.logging.Log4jImpl.debug(Log4jImpl.java:46) - Found column "user_id", data type -5, in table "yashebookstore..sys_user_roles"
[0111 15:07:42,526 DEBUG] [main] org.mybatis.generator.logging.Log4jImpl.debug(Log4jImpl.java:46) - Found column "role_id", data type -5, in table "yashebookstore..sys_user_roles"
[0111 15:07:42,529 DEBUG] [main] org.mybatis.generator.logging.Log4jImpl.debug(Log4jImpl.java:46) - 表名为：sys_user_roles
[0111 15:07:42,530 DEBUG] [main] org.mybatis.generator.logging.Log4jImpl.debug(Log4jImpl.java:46) - 表的注释为:
